<?xml version="1.0" encoding="UTF-8"?>
<testng-results skipped="0" failed="0" total="1" passed="1">
  <reporter-output>
  </reporter-output>
  <suite name="Surefire suite" duration-ms="65" started-at="2021-12-20T09:38:12Z" finished-at="2021-12-20T09:38:12Z">
    <groups>
    </groups>
    <test name="Surefire test" duration-ms="65" started-at="2021-12-20T09:38:12Z" finished-at="2021-12-20T09:38:12Z">
      <class name="MavenProject.MavenProject.AppTest">
        <test-method status="PASS" signature="shouldAnswerWithTrue()[pri:0, instance:shouldAnswerWithTrue(MavenProject.MavenProject.AppTest)]" name="shouldAnswerWithTrue" duration-ms="3" started-at="2021-12-20T15:08:12Z" finished-at="2021-12-20T15:08:12Z">
          <reporter-output>
          </reporter-output>
        </test-method> <!-- shouldAnswerWithTrue -->
      </class> <!-- MavenProject.MavenProject.AppTest -->
    </test> <!-- Surefire test -->
  </suite> <!-- Surefire suite -->
</testng-results>
