<?xml version="1.0" encoding="UTF-8"?>
<testng-results total="1" passed="1" failed="0" skipped="0">
  <reporter-output>
  </reporter-output>
  <suite started-at="2021-12-20T09:21:47Z" name="Default suite" finished-at="2021-12-20T09:21:52Z" duration-ms="5257">
    <groups>
    </groups>
    <test started-at="2021-12-20T09:21:47Z" name="Default test" finished-at="2021-12-20T09:21:52Z" duration-ms="5257">
      <class name="testPackage.MavenTest1">
        <test-method is-config="true" signature="beforeTest()[pri:0, instance:testPackage.MavenTest1@30135202]" started-at="2021-12-20T14:51:47Z" name="beforeTest" finished-at="2021-12-20T14:51:47Z" duration-ms="93" status="PASS">
          <reporter-output>
          </reporter-output>
        </test-method> <!-- beforeTest -->
        <test-method signature="test()[pri:0, instance:testPackage.MavenTest1@30135202]" started-at="2021-12-20T14:51:47Z" name="test" finished-at="2021-12-20T14:51:52Z" duration-ms="4756" status="PASS">
          <reporter-output>
          </reporter-output>
        </test-method> <!-- test -->
        <test-method is-config="true" signature="afterTest()[pri:0, instance:testPackage.MavenTest1@30135202]" started-at="2021-12-20T14:51:52Z" name="afterTest" finished-at="2021-12-20T14:51:52Z" duration-ms="193" status="PASS">
          <reporter-output>
          </reporter-output>
        </test-method> <!-- afterTest -->
      </class> <!-- testPackage.MavenTest1 -->
    </test> <!-- Default test -->
  </suite> <!-- Default suite -->
</testng-results>
